TN:
SF:D:/JOSE/cursos/udemy/curso-angular-avanzado/proyecto/pruebas/src/polyfills.ts
FNF:0
FNH:0
DA:46,1
DA:60,1
LF:2
LH:2
BRF:0
BRH:0
end_of_record
TN:
SF:D:/JOSE/cursos/udemy/curso-angular-avanzado/proyecto/pruebas/src/test.ts
FNF:0
FNH:0
DA:3,1
DA:4,1
DA:5,1
DA:13,1
DA:18,1
DA:20,1
LF:6
LH:6
BRF:0
BRH:0
end_of_record
TN:
SF:D:/JOSE/cursos/udemy/curso-angular-avanzado/proyecto/pruebas/src/app/app.component.ts
FN:8,(anonymous_1)
FN:3,AppComponent
FNF:2
FNH:2
FNDA:1,(anonymous_1)
FNDA:3,AppComponent
DA:1,1
DA:8,1
DA:9,3
DA:10,1
LF:4
LH:4
BRF:0
BRH:0
end_of_record
TN:
SF:D:/JOSE/cursos/udemy/curso-angular-avanzado/proyecto/pruebas/src/app/basicas/arreglos/arreglos.ts
FN:1,obtenerRobots
FNF:1
FNH:1
FNDA:2,obtenerRobots
DA:1,1
DA:2,2
LF:2
LH:2
BRF:0
BRH:0
end_of_record
TN:
SF:D:/JOSE/cursos/udemy/curso-angular-avanzado/proyecto/pruebas/src/app/basicas/booleanos/booleanos.ts
FN:1,usuarioIngresado
FNF:1
FNH:1
FNDA:1,usuarioIngresado
DA:1,1
DA:2,1
LF:2
LH:2
BRF:0
BRH:0
end_of_record
TN:
SF:D:/JOSE/cursos/udemy/curso-angular-avanzado/proyecto/pruebas/src/app/basicas/clases/clase.ts
FN:1,(anonymous_0)
FN:4,Jugador
FN:8,(anonymous_2)
FNF:3
FNH:3
FNDA:1,(anonymous_0)
FNDA:4,Jugador
FNDA:3,(anonymous_2)
DA:1,1
DA:5,4
DA:8,1
DA:9,3
DA:10,1
DA:12,2
DA:15,3
DA:17,1
LF:8
LH:8
BRDA:9,0,0,1
BRDA:9,0,1,2
BRF:2
BRH:2
end_of_record
TN:
SF:D:/JOSE/cursos/udemy/curso-angular-avanzado/proyecto/pruebas/src/app/basicas/numeros/numeros.ts
FN:1,incrementar
FNF:1
FNH:1
FNDA:2,incrementar
DA:1,1
DA:2,2
DA:3,1
DA:5,1
LF:4
LH:4
BRDA:2,0,0,1
BRDA:2,0,1,1
BRF:2
BRH:2
end_of_record
TN:
SF:D:/JOSE/cursos/udemy/curso-angular-avanzado/proyecto/pruebas/src/app/basicas/string/string.ts
FN:1,mensaje
FNF:1
FNH:1
FNDA:2,mensaje
DA:1,1
DA:2,2
LF:2
LH:2
BRF:0
BRH:0
end_of_record
